# JRE version: OpenJDK Runtime Environment (8.0) (build 1.8.0-25-microsoft-b00)
# Java VM: OpenJDK 64-Bit Server VM (25.71-b00 mixed mode windows-amd64 compressed oops)
Heap:
 PSYoungGen      total 233472K, used 38533K [0x00000000eab00000, 0x00000000ff400000, 0x0000000100000000)
  eden space 209920K, 16% used [0x00000000eab00000,0x00000000ecdb9718,0x00000000f7800000)
  from space 23552K, 12% used [0x00000000f7800000,0x00000000f7ae8000,0x00000000f8f00000)
  to   space 23040K, 0% used [0x00000000fdd80000,0x00000000fdd80000,0x00000000ff400000)
 ParOldGen       total 69632K, used 53837K [0x00000000c0000000, 0x00000000c4400000, 0x00000000eab00000)
  object space 69632K, 77% used [0x00000000c0000000,0x00000000c3493798,0x00000000c4400000)
 Metaspace       used 15882K, capacity 16880K, committed 17024K, reserved 1064960K
  class space    used 1910K, capacity 2176K, committed 2176K, reserved 1048576K
GC Heap History (10 events):
Event: 4.190 GC heap before
{Heap before GC invocations=10 (full 1):
 PSYoungGen      total 119296K, used 119200K [0x00000000eab00000, 0x00000000f4b00000, 0x0000000100000000)
  eden space 109056K, 100% used [0x00000000eab00000,0x00000000f1580000,0x00000000f1580000)
  from space 10240K, 99% used [0x00000000f4100000,0x00000000f4ae8260,0x00000000f4b00000)
  to   space 22016K, 0% used [0x00000000f2000000,0x00000000f2000000,0x00000000f3580000)
 ParOldGen       total 69632K, used 33650K [0x00000000c0000000, 0x00000000c4400000, 0x00000000eab00000)
  object space 69632K, 48% used [0x00000000c0000000,0x00000000c20dc8d0,0x00000000c4400000)
 Metaspace       used 15000K, capacity 15908K, committed 16256K, reserved 1062912K
  class space    used 1865K, capacity 2070K, committed 2176K, reserved 1048576K
Event: 4.295 GC heap after
Heap after GC invocations=10 (full 1):
 PSYoungGen      total 141824K, used 16860K [0x00000000eab00000, 0x00000000f6e00000, 0x0000000100000000)
  eden space 119808K, 0% used [0x00000000eab00000,0x00000000eab00000,0x00000000f2000000)
  from space 22016K, 76% used [0x00000000f2000000,0x00000000f3077298,0x00000000f3580000)
  to   space 23552K, 0% used [0x00000000f5700000,0x00000000f5700000,0x00000000f6e00000)
 ParOldGen       total 69632K, used 33658K [0x00000000c0000000, 0x00000000c4400000, 0x00000000eab00000)
  object space 69632K, 48% used [0x00000000c0000000,0x00000000c20de8d0,0x00000000c4400000)
 Metaspace       used 15000K, capacity 15908K, committed 16256K, reserved 1062912K
  class space    used 1865K, capacity 2070K, committed 2176K, reserved 1048576K
}
Event: 5.760 GC heap before
{Heap before GC invocations=11 (full 1):
 PSYoungGen      total 141824K, used 136668K [0x00000000eab00000, 0x00000000f6e00000, 0x0000000100000000)
  eden space 119808K, 100% used [0x00000000eab00000,0x00000000f2000000,0x00000000f2000000)
  from space 22016K, 76% used [0x00000000f2000000,0x00000000f3077298,0x00000000f3580000)
  to   space 23552K, 0% used [0x00000000f5700000,0x00000000f5700000,0x00000000f6e00000)
 ParOldGen       total 69632K, used 33658K [0x00000000c0000000, 0x00000000c4400000, 0x00000000eab00000)
  object space 69632K, 48% used [0x00000000c0000000,0x00000000c20de8d0,0x00000000c4400000)
 Metaspace       used 15564K, capacity 16540K, committed 16768K, reserved 1064960K
  class space    used 1890K, capacity 2140K, committed 2176K, reserved 1048576K
Event: 5.894 GC heap after
Heap after GC invocations=11 (full 1):
 PSYoungGen      total 176640K, used 6713K [0x00000000eab00000, 0x00000000f7c80000, 0x0000000100000000)
  eden space 153088K, 0% used [0x00000000eab00000,0x00000000eab00000,0x00000000f4080000)
  from space 23552K, 28% used [0x00000000f5700000,0x00000000f5d8e650,0x00000000f6e00000)
  to   space 23040K, 0% used [0x00000000f4080000,0x00000000f4080000,0x00000000f5700000)
 ParOldGen       total 69632K, used 43714K [0x00000000c0000000, 0x00000000c4400000, 0x00000000eab00000)
  object space 69632K, 62% used [0x00000000c0000000,0x00000000c2ab0a68,0x00000000c4400000)
 Metaspace       used 15564K, capacity 16540K, committed 16768K, reserved 1064960K
  class space    used 1890K, capacity 2140K, committed 2176K, reserved 1048576K
}
Event: 7.692 GC heap before
{Heap before GC invocations=12 (full 1):
 PSYoungGen      total 176640K, used 159801K [0x00000000eab00000, 0x00000000f7c80000, 0x0000000100000000)
  eden space 153088K, 100% used [0x00000000eab00000,0x00000000f4080000,0x00000000f4080000)
  from space 23552K, 28% used [0x00000000f5700000,0x00000000f5d8e650,0x00000000f6e00000)
  to   space 23040K, 0% used [0x00000000f4080000,0x00000000f4080000,0x00000000f5700000)
 ParOldGen       total 69632K, used 43714K [0x00000000c0000000, 0x00000000c4400000, 0x00000000eab00000)
  object space 69632K, 62% used [0x00000000c0000000,0x00000000c2ab0a68,0x00000000c4400000)
 Metaspace       used 15703K, capacity 16696K, committed 16768K, reserved 1064960K
  class space    used 1895K, capacity 2144K, committed 2176K, reserved 1048576K
Event: 7.763 GC heap after
Heap after GC invocations=12 (full 1):
 PSYoungGen      total 176128K, used 3081K [0x00000000eab00000, 0x00000000fa780000, 0x0000000100000000)
  eden space 153088K, 0% used [0x00000000eab00000,0x00000000eab00000,0x00000000f4080000)
  from space 23040K, 13% used [0x00000000f4080000,0x00000000f4382438,0x00000000f5700000)
  to   space 23040K, 0% used [0x00000000f9100000,0x00000000f9100000,0x00000000fa780000)
 ParOldGen       total 69632K, used 49981K [0x00000000c0000000, 0x00000000c4400000, 0x00000000eab00000)
  object space 69632K, 71% used [0x00000000c0000000,0x00000000c30cf788,0x00000000c4400000)
 Metaspace       used 15703K, capacity 16696K, committed 16768K, reserved 1064960K
  class space    used 1895K, capacity 2144K, committed 2176K, reserved 1048576K
}
Event: 8.311 GC heap before
{Heap before GC invocations=13 (full 1):
 PSYoungGen      total 176128K, used 156169K [0x00000000eab00000, 0x00000000fa780000, 0x0000000100000000)
  eden space 153088K, 100% used [0x00000000eab00000,0x00000000f4080000,0x00000000f4080000)
  from space 23040K, 13% used [0x00000000f4080000,0x00000000f4382438,0x00000000f5700000)
  to   space 23040K, 0% used [0x00000000f9100000,0x00000000f9100000,0x00000000fa780000)
 ParOldGen       total 69632K, used 49981K [0x00000000c0000000, 0x00000000c4400000, 0x00000000eab00000)
  object space 69632K, 71% used [0x00000000c0000000,0x00000000c30cf788,0x00000000c4400000)
 Metaspace       used 15816K, capacity 16808K, committed 17024K, reserved 1064960K
  class space    used 1910K, capacity 2176K, committed 2176K, reserved 1048576K
Event: 8.335 GC heap after
Heap after GC invocations=13 (full 1):
 PSYoungGen      total 231424K, used 1760K [0x00000000eab00000, 0x00000000fa600000, 0x0000000100000000)
  eden space 209920K, 0% used [0x00000000eab00000,0x00000000eab00000,0x00000000f7800000)
  from space 21504K, 8% used [0x00000000f9100000,0x00000000f92b8000,0x00000000fa600000)
  to   space 23552K, 0% used [0x00000000f7800000,0x00000000f7800000,0x00000000f8f00000)
 ParOldGen       total 69632K, used 52405K [0x00000000c0000000, 0x00000000c4400000, 0x00000000eab00000)
  object space 69632K, 75% used [0x00000000c0000000,0x00000000c332d798,0x00000000c4400000)
 Metaspace       used 15816K, capacity 16808K, committed 17024K, reserved 1064960K
  class space    used 1910K, capacity 2176K, committed 2176K, reserved 1048576K
}
Event: 9.450 GC heap before
{Heap before GC invocations=14 (full 1):
 PSYoungGen      total 231424K, used 211680K [0x00000000eab00000, 0x00000000fa600000, 0x0000000100000000)
  eden space 209920K, 100% used [0x00000000eab00000,0x00000000f7800000,0x00000000f7800000)
  from space 21504K, 8% used [0x00000000f9100000,0x00000000f92b8000,0x00000000fa600000)
  to   space 23552K, 0% used [0x00000000f7800000,0x00000000f7800000,0x00000000f8f00000)
 ParOldGen       total 69632K, used 52405K [0x00000000c0000000, 0x00000000c4400000, 0x00000000eab00000)
  object space 69632K, 75% used [0x00000000c0000000,0x00000000c332d798,0x00000000c4400000)
 Metaspace       used 15877K, capacity 16880K, committed 17024K, reserved 1064960K
  class space    used 1910K, capacity 2176K, committed 2176K, reserved 1048576K
Event: 9.553 GC heap after
Heap after GC invocations=14 (full 1):
 PSYoungGen      total 233472K, used 2976K [0x00000000eab00000, 0x00000000ff400000, 0x0000000100000000)
  eden space 209920K, 0% used [0x00000000eab00000,0x00000000eab00000,0x00000000f7800000)
  from space 23552K, 12% used [0x00000000f7800000,0x00000000f7ae8000,0x00000000f8f00000)
  to   space 23040K, 0% used [0x00000000fdd80000,0x00000000fdd80000,0x00000000ff400000)
 ParOldGen       total 69632K, used 53837K [0x00000000c0000000, 0x00000000c4400000, 0x00000000eab00000)
  object space 69632K, 77% used [0x00000000c0000000,0x00000000c3493798,0x00000000c4400000)
 Metaspace       used 15877K, capacity 16880K, committed 17024K, reserved 1064960K
  class space    used 1910K, capacity 2176K, committed 2176K, reserved 1048576K
}

