# JRE version: OpenJDK Runtime Environment (8.0) (build 1.8.0-25-microsoft-b00)
# Java VM: OpenJDK 64-Bit Server VM (25.71-b00 mixed mode windows-amd64 compressed oops)
Heap:
 PSYoungGen      total 263168K, used 135000K [0x00000000eab00000, 0x00000000fc300000, 0x0000000100000000)
  eden space 240640K, 55% used [0x00000000eab00000,0x00000000f2cbe268,0x00000000f9600000)
  from space 22528K, 9% used [0x00000000fad00000,0x00000000faf18000,0x00000000fc300000)
  to   space 23040K, 0% used [0x00000000f9600000,0x00000000f9600000,0x00000000fac80000)
 ParOldGen       total 64512K, used 49527K [0x00000000c0000000, 0x00000000c3f00000, 0x00000000eab00000)
  object space 64512K, 76% used [0x00000000c0000000,0x00000000c305dcb0,0x00000000c3f00000)
 Metaspace       used 15867K, capacity 16812K, committed 17152K, reserved 1064960K
  class space    used 1911K, capacity 2178K, committed 2304K, reserved 1048576K
GC Heap History (10 events):
Event: 2.138 GC heap before
{Heap before GC invocations=9 (full 1):
 PSYoungGen      total 80896K, used 65024K [0x00000000eab00000, 0x00000000f5800000, 0x0000000100000000)
  eden space 65024K, 100% used [0x00000000eab00000,0x00000000eea80000,0x00000000eea80000)
  from space 15872K, 0% used [0x00000000eea80000,0x00000000eea80000,0x00000000efa00000)
  to   space 23552K, 0% used [0x00000000f4100000,0x00000000f4100000,0x00000000f5800000)
 ParOldGen       total 64512K, used 30274K [0x00000000c0000000, 0x00000000c3f00000, 0x00000000eab00000)
  object space 64512K, 46% used [0x00000000c0000000,0x00000000c1d909d8,0x00000000c3f00000)
 Metaspace       used 9440K, capacity 9752K, committed 9984K, reserved 1058816K
  class space    used 1065K, capacity 1158K, committed 1280K, reserved 1048576K
Event: 2.223 GC heap after
Heap after GC invocations=9 (full 1):
 PSYoungGen      total 126464K, used 10464K [0x00000000eab00000, 0x00000000f4b80000, 0x0000000100000000)
  eden space 115712K, 0% used [0x00000000eab00000,0x00000000eab00000,0x00000000f1c00000)
  from space 10752K, 97% used [0x00000000f4100000,0x00000000f4b38270,0x00000000f4b80000)
  to   space 22016K, 0% used [0x00000000f2080000,0x00000000f2080000,0x00000000f3600000)
 ParOldGen       total 64512K, used 30274K [0x00000000c0000000, 0x00000000c3f00000, 0x00000000eab00000)
  object space 64512K, 46% used [0x00000000c0000000,0x00000000c1d909d8,0x00000000c3f00000)
 Metaspace       used 9440K, capacity 9752K, committed 9984K, reserved 1058816K
  class space    used 1065K, capacity 1158K, committed 1280K, reserved 1048576K
}
Event: 4.297 GC heap before
{Heap before GC invocations=10 (full 1):
 PSYoungGen      total 126464K, used 126176K [0x00000000eab00000, 0x00000000f4b80000, 0x0000000100000000)
  eden space 115712K, 100% used [0x00000000eab00000,0x00000000f1c00000,0x00000000f1c00000)
  from space 10752K, 97% used [0x00000000f4100000,0x00000000f4b38270,0x00000000f4b80000)
  to   space 22016K, 0% used [0x00000000f2080000,0x00000000f2080000,0x00000000f3600000)
 ParOldGen       total 64512K, used 30274K [0x00000000c0000000, 0x00000000c3f00000, 0x00000000eab00000)
  object space 64512K, 46% used [0x00000000c0000000,0x00000000c1d909d8,0x00000000c3f00000)
 Metaspace       used 15217K, capacity 16108K, committed 16256K, reserved 1062912K
  class space    used 1864K, capacity 2072K, committed 2176K, reserved 1048576K
Event: 4.383 GC heap after
Heap after GC invocations=10 (full 1):
 PSYoungGen      total 142336K, used 16969K [0x00000000eab00000, 0x00000000f7c80000, 0x0000000100000000)
  eden space 120320K, 0% used [0x00000000eab00000,0x00000000eab00000,0x00000000f2080000)
  from space 22016K, 77% used [0x00000000f2080000,0x00000000f3112588,0x00000000f3600000)
  to   space 23552K, 0% used [0x00000000f6580000,0x00000000f6580000,0x00000000f7c80000)
 ParOldGen       total 64512K, used 30282K [0x00000000c0000000, 0x00000000c3f00000, 0x00000000eab00000)
  object space 64512K, 46% used [0x00000000c0000000,0x00000000c1d929d8,0x00000000c3f00000)
 Metaspace       used 15217K, capacity 16108K, committed 16256K, reserved 1062912K
  class space    used 1864K, capacity 2072K, committed 2176K, reserved 1048576K
}
Event: 5.489 GC heap before
{Heap before GC invocations=11 (full 1):
 PSYoungGen      total 142336K, used 137289K [0x00000000eab00000, 0x00000000f7c80000, 0x0000000100000000)
  eden space 120320K, 100% used [0x00000000eab00000,0x00000000f2080000,0x00000000f2080000)
  from space 22016K, 77% used [0x00000000f2080000,0x00000000f3112588,0x00000000f3600000)
  to   space 23552K, 0% used [0x00000000f6580000,0x00000000f6580000,0x00000000f7c80000)
 ParOldGen       total 64512K, used 30282K [0x00000000c0000000, 0x00000000c3f00000, 0x00000000eab00000)
  object space 64512K, 46% used [0x00000000c0000000,0x00000000c1d929d8,0x00000000c3f00000)
 Metaspace       used 15644K, capacity 16624K, committed 16768K, reserved 1064960K
  class space    used 1892K, capacity 2146K, committed 2176K, reserved 1048576K
Event: 5.654 GC heap after
Heap after GC invocations=11 (full 1):
 PSYoungGen      total 191488K, used 6848K [0x00000000eab00000, 0x00000000f8280000, 0x0000000100000000)
  eden space 167936K, 0% used [0x00000000eab00000,0x00000000eab00000,0x00000000f4f00000)
  from space 23552K, 29% used [0x00000000f6580000,0x00000000f6c30140,0x00000000f7c80000)
  to   space 23040K, 0% used [0x00000000f4f00000,0x00000000f4f00000,0x00000000f6580000)
 ParOldGen       total 64512K, used 40562K [0x00000000c0000000, 0x00000000c3f00000, 0x00000000eab00000)
  object space 64512K, 62% used [0x00000000c0000000,0x00000000c279cb80,0x00000000c3f00000)
 Metaspace       used 15644K, capacity 16624K, committed 16768K, reserved 1064960K
  class space    used 1892K, capacity 2146K, committed 2176K, reserved 1048576K
}
Event: 6.990 GC heap before
{Heap before GC invocations=12 (full 1):
 PSYoungGen      total 191488K, used 174784K [0x00000000eab00000, 0x00000000f8280000, 0x0000000100000000)
  eden space 167936K, 100% used [0x00000000eab00000,0x00000000f4f00000,0x00000000f4f00000)
  from space 23552K, 29% used [0x00000000f6580000,0x00000000f6c30140,0x00000000f7c80000)
  to   space 23040K, 0% used [0x00000000f4f00000,0x00000000f4f00000,0x00000000f6580000)
 ParOldGen       total 64512K, used 40562K [0x00000000c0000000, 0x00000000c3f00000, 0x00000000eab00000)
  object space 64512K, 62% used [0x00000000c0000000,0x00000000c279cb80,0x00000000c3f00000)
 Metaspace       used 15712K, capacity 16700K, committed 16768K, reserved 1064960K
  class space    used 1895K, capacity 2146K, committed 2176K, reserved 1048576K
Event: 7.110 GC heap after
Heap after GC invocations=12 (full 1):
 PSYoungGen      total 190976K, used 3199K [0x00000000eab00000, 0x00000000fc380000, 0x0000000100000000)
  eden space 167936K, 0% used [0x00000000eab00000,0x00000000eab00000,0x00000000f4f00000)
  from space 23040K, 13% used [0x00000000f4f00000,0x00000000f521ff10,0x00000000f6580000)
  to   space 23040K, 0% used [0x00000000fad00000,0x00000000fad00000,0x00000000fc380000)
 ParOldGen       total 64512K, used 46967K [0x00000000c0000000, 0x00000000c3f00000, 0x00000000eab00000)
  object space 64512K, 72% used [0x00000000c0000000,0x00000000c2dddca0,0x00000000c3f00000)
 Metaspace       used 15712K, capacity 16700K, committed 16768K, reserved 1064960K
  class space    used 1895K, capacity 2146K, committed 2176K, reserved 1048576K
}
Event: 8.559 GC heap before
{Heap before GC invocations=13 (full 1):
 PSYoungGen      total 190976K, used 171135K [0x00000000eab00000, 0x00000000fc380000, 0x0000000100000000)
  eden space 167936K, 100% used [0x00000000eab00000,0x00000000f4f00000,0x00000000f4f00000)
  from space 23040K, 13% used [0x00000000f4f00000,0x00000000f521ff10,0x00000000f6580000)
  to   space 23040K, 0% used [0x00000000fad00000,0x00000000fad00000,0x00000000fc380000)
 ParOldGen       total 64512K, used 46967K [0x00000000c0000000, 0x00000000c3f00000, 0x00000000eab00000)
  object space 64512K, 72% used [0x00000000c0000000,0x00000000c2dddca0,0x00000000c3f00000)
 Metaspace       used 15839K, capacity 16812K, committed 17152K, reserved 1064960K
  class space    used 1911K, capacity 2178K, committed 2304K, reserved 1048576K
Event: 8.695 GC heap after
Heap after GC invocations=13 (full 1):
 PSYoungGen      total 263168K, used 2144K [0x00000000eab00000, 0x00000000fc300000, 0x0000000100000000)
  eden space 240640K, 0% used [0x00000000eab00000,0x00000000eab00000,0x00000000f9600000)
  from space 22528K, 9% used [0x00000000fad00000,0x00000000faf18000,0x00000000fc300000)
  to   space 23040K, 0% used [0x00000000f9600000,0x00000000f9600000,0x00000000fac80000)
 ParOldGen       total 64512K, used 49527K [0x00000000c0000000, 0x00000000c3f00000, 0x00000000eab00000)
  object space 64512K, 76% used [0x00000000c0000000,0x00000000c305dcb0,0x00000000c3f00000)
 Metaspace       used 15839K, capacity 16812K, committed 17152K, reserved 1064960K
  class space    used 1911K, capacity 2178K, committed 2304K, reserved 1048576K
}

